<?xml version="1.0" encoding="UTF-8"?>
<testng-results ignored="0" total="1" passed="1" failed="0" skipped="0">
  <reporter-output>
  </reporter-output>
  <suite started-at="2021-10-16T15:47:26Z" name="Default suite" finished-at="2021-10-16T15:47:37Z" duration-ms="11517">
    <groups>
    </groups>
    <test started-at="2021-10-16T15:47:26Z" name="Default test" finished-at="2021-10-16T15:47:37Z" duration-ms="11517">
      <class name="testing.NewTest">
        <test-method signature="f()[pri:0, instance:testing.NewTest@2812b107]" started-at="2021-10-16T12:47:26Z" name="f" finished-at="2021-10-16T12:47:37Z" duration-ms="11479" status="PASS">
          <reporter-output>
          </reporter-output>
        </test-method> <!-- f -->
      </class> <!-- testing.NewTest -->
    </test> <!-- Default test -->
  </suite> <!-- Default suite -->
</testng-results>
